Performing C SOURCE FILE Test CMAKE_HAVE_LIBC_PTHREAD failed with the following output:
Change Dir: /home/amax/Desktop/shenzhifei_files/daliy_files/电脑文件/MuJoCo_impedance_control/MuJoCo_impedance_control/5.PyKDL动力学计算/kdl/build/CMakeFiles/CMakeTmp

Run Build Command(s):/usr/bin/make cmTC_6e94e/fast && /usr/bin/make  -f CMakeFiles/cmTC_6e94e.dir/build.make CMakeFiles/cmTC_6e94e.dir/build
make[1]: Entering directory '/home/amax/Desktop/shenzhifei_files/daliy_files/电脑文件/MuJoCo_impedance_control/MuJoCo_impedance_control/5.PyKDL动力学计算/kdl/build/CMakeFiles/CMakeTmp'
Building C object CMakeFiles/cmTC_6e94e.dir/src.c.o
/usr/bin/cc   -DCMAKE_HAVE_LIBC_PTHREAD   -o CMakeFiles/cmTC_6e94e.dir/src.c.o   -c /home/amax/Desktop/shenzhifei_files/daliy_files/电脑文件/MuJoCo_impedance_control/MuJoCo_impedance_control/5.PyKDL动力学计算/kdl/build/CMakeFiles/CMakeTmp/src.c
Linking C executable cmTC_6e94e
/usr/local/bin/cmake -E cmake_link_script CMakeFiles/cmTC_6e94e.dir/link.txt --verbose=1
/usr/bin/cc  -DCMAKE_HAVE_LIBC_PTHREAD    -rdynamic CMakeFiles/cmTC_6e94e.dir/src.c.o  -o cmTC_6e94e 
CMakeFiles/cmTC_6e94e.dir/src.c.o: In function `main':
src.c:(.text+0x3c): undefined reference to `pthread_create'
src.c:(.text+0x48): undefined reference to `pthread_detach'
src.c:(.text+0x54): undefined reference to `pthread_cancel'
src.c:(.text+0x65): undefined reference to `pthread_join'
src.c:(.text+0x79): undefined reference to `pthread_atfork'
collect2: error: ld returned 1 exit status
CMakeFiles/cmTC_6e94e.dir/build.make:106: recipe for target 'cmTC_6e94e' failed
make[1]: *** [cmTC_6e94e] Error 1
make[1]: Leaving directory '/home/amax/Desktop/shenzhifei_files/daliy_files/电脑文件/MuJoCo_impedance_control/MuJoCo_impedance_control/5.PyKDL动力学计算/kdl/build/CMakeFiles/CMakeTmp'
Makefile:141: recipe for target 'cmTC_6e94e/fast' failed
make: *** [cmTC_6e94e/fast] Error 2


Source file was:
#include <pthread.h>

void* test_func(void* data)
{
  return data;
}

int main(void)
{
  pthread_t thread;
  pthread_create(&thread, NULL, test_func, NULL);
  pthread_detach(thread);
  pthread_cancel(thread);
  pthread_join(thread, NULL);
  pthread_atfork(NULL, NULL, NULL);
  pthread_exit(NULL);

  return 0;
}

Determining if the function pthread_create exists in the pthreads failed with the following output:
Change Dir: /home/amax/Desktop/shenzhifei_files/daliy_files/电脑文件/MuJoCo_impedance_control/MuJoCo_impedance_control/5.PyKDL动力学计算/kdl/build/CMakeFiles/CMakeTmp

Run Build Command(s):/usr/bin/make cmTC_296fb/fast && /usr/bin/make  -f CMakeFiles/cmTC_296fb.dir/build.make CMakeFiles/cmTC_296fb.dir/build
make[1]: Entering directory '/home/amax/Desktop/shenzhifei_files/daliy_files/电脑文件/MuJoCo_impedance_control/MuJoCo_impedance_control/5.PyKDL动力学计算/kdl/build/CMakeFiles/CMakeTmp'
Building C object CMakeFiles/cmTC_296fb.dir/CheckFunctionExists.c.o
/usr/bin/cc   -DCHECK_FUNCTION_EXISTS=pthread_create   -o CMakeFiles/cmTC_296fb.dir/CheckFunctionExists.c.o   -c /usr/local/share/cmake-3.17/Modules/CheckFunctionExists.c
Linking C executable cmTC_296fb
/usr/local/bin/cmake -E cmake_link_script CMakeFiles/cmTC_296fb.dir/link.txt --verbose=1
/usr/bin/cc  -DCHECK_FUNCTION_EXISTS=pthread_create    -rdynamic CMakeFiles/cmTC_296fb.dir/CheckFunctionExists.c.o  -o cmTC_296fb  -lpthreads 
/usr/bin/ld: cannot find -lpthreads
collect2: error: ld returned 1 exit status
CMakeFiles/cmTC_296fb.dir/build.make:106: recipe for target 'cmTC_296fb' failed
make[1]: *** [cmTC_296fb] Error 1
make[1]: Leaving directory '/home/amax/Desktop/shenzhifei_files/daliy_files/电脑文件/MuJoCo_impedance_control/MuJoCo_impedance_control/5.PyKDL动力学计算/kdl/build/CMakeFiles/CMakeTmp'
Makefile:141: recipe for target 'cmTC_296fb/fast' failed
make: *** [cmTC_296fb/fast] Error 2



